TN:
SF:/home/circleci/project/lib/button.tsx
FN:2,Button
FNF:1
FNH:1
FNDA:1,Button
DA:1,1
DA:3,1
DA:7,1
LF:3
LH:3
BRF:0
BRH:0
end_of_record
TN:
SF:/home/circleci/project/lib/index.tsx
FNF:0
FNH:0
DA:1,0
LF:1
LH:0
BRF:0
BRH:0
end_of_record
TN:
SF:/home/circleci/project/lib/helpers/classes.tsx
FN:1,classes
FNF:1
FNH:1
FNDA:7,classes
DA:1,28
DA:2,7
DA:4,2
LF:3
LH:3
BRF:0
BRH:0
end_of_record
TN:
SF:/home/circleci/project/lib/icon/icon.tsx
FN:10,(anonymous_0)
FNF:1
FNH:1
FNDA:2,(anonymous_0)
DA:1,1
DA:2,1
DA:3,1
DA:4,1
DA:10,1
DA:11,2
DA:12,2
DA:21,1
LF:8
LH:8
BRF:0
BRH:0
end_of_record
TN:
SF:/home/circleci/project/lib/icon/importicons.js
FN:1,(anonymous_0)
FNF:1
FNH:0
FNDA:0,(anonymous_0)
DA:1,1
DA:2,0
DA:4,1
DA:5,1
LF:4
LH:3
BRF:0
BRH:0
end_of_record
TN:
SF:/home/circleci/project/lib/types/custom.d.ts
FNF:0
FNH:0
LF:0
LH:0
BRF:0
BRH:0
end_of_record
